Unity Editor version:    2021.2.13f1 (90b6766da538)
Branch:                  2021.2/staging
Build type:              Release
Batch mode:              YES
macOS version:           Version 12.2.1 (Build 21D62)
Darwin version:          21.3.0
Architecture:            x86_64
Running under Rosetta:   NO
Available memory:        8192 MB
Using pre-set license
Pro License: YES

COMMAND LINE ARGUMENTS:
/Users/louisecollins/Repos/Unity2D/Unity Install Folder/2021.2.13f1/Unity.app/Contents/MacOS/Unity
-adb2
-batchMode
-noUpm
-name
AssetImportWorker0
-projectPath
/Users/louisecollins/Repos/Unity2D/Project-Setup-Tutorial/Laser Defender
-logFile
Logs/AssetImportWorker0.log
-srvPort
49858
Successfully changed project path to: /Users/louisecollins/Repos/Unity2D/Project-Setup-Tutorial/Laser Defender
/Users/louisecollins/Repos/Unity2D/Project-Setup-Tutorial/Laser Defender
[UnityMemory] Configuration Parameters - Can be set up in boot.config
    "memorysetup-bucket-allocator-granularity=16"
    "memorysetup-bucket-allocator-bucket-count=8"
    "memorysetup-bucket-allocator-block-size=33554432"
    "memorysetup-bucket-allocator-block-count=8"
    "memorysetup-main-allocator-block-size=16777216"
    "memorysetup-thread-allocator-block-size=16777216"
    "memorysetup-gfx-main-allocator-block-size=16777216"
    "memorysetup-gfx-thread-allocator-block-size=16777216"
    "memorysetup-cache-allocator-block-size=4194304"
    "memorysetup-typetree-allocator-block-size=2097152"
    "memorysetup-profiler-bucket-allocator-granularity=16"
    "memorysetup-profiler-bucket-allocator-bucket-count=8"
    "memorysetup-profiler-bucket-allocator-block-size=33554432"
    "memorysetup-profiler-bucket-allocator-block-count=8"
    "memorysetup-profiler-allocator-block-size=16777216"
    "memorysetup-profiler-editor-allocator-block-size=1048576"
    "memorysetup-temp-allocator-size-main=16777216"
    "memorysetup-job-temp-allocator-block-size=2097152"
    "memorysetup-job-temp-allocator-block-size-background=1048576"
    "memorysetup-job-temp-allocator-reduction-small-platforms=262144"
    "memorysetup-temp-allocator-size-background-worker=32768"
    "memorysetup-temp-allocator-size-job-worker=262144"
    "memorysetup-temp-allocator-size-preload-manager=33554432"
    "memorysetup-temp-allocator-size-nav-mesh-worker=65536"
    "memorysetup-temp-allocator-size-audio-worker=65536"
    "memorysetup-temp-allocator-size-cloud-worker=32768"
    "memorysetup-temp-allocator-size-gi-baking-worker=262144"
    "memorysetup-temp-allocator-size-gfx=262144"
Refreshing native plugins compatible for Editor in 83.75 ms, found 2 plugins.
Preloading 0 native plugins for Editor in 0.00 ms.
Initialize engine version: 2021.2.13f1 (90b6766da538)
[Subsystems] Discovering subsystems at path /Users/louisecollins/Repos/Unity2D/Unity Install Folder/2021.2.13f1/Unity.app/Contents/Resources/UnitySubsystems
[Subsystems] Discovering subsystems at path /Users/louisecollins/Repos/Unity2D/Project-Setup-Tutorial/Laser Defender/Assets
GfxDevice: creating device client; threaded=0; jobified=0
iMac preferred device: AMD Radeon Pro 560X (high power)
Metal devices available: 1
0: AMD Radeon Pro 560X (high power)
Using device AMD Radeon Pro 560X (high power)
Initializing Metal device caps: AMD Radeon Pro 560X
Initialize mono
Mono path[0] = '/Users/louisecollins/Repos/Unity2D/Unity Install Folder/2021.2.13f1/Unity.app/Contents/Managed'
Mono path[1] = '/Users/louisecollins/Repos/Unity2D/Unity Install Folder/2021.2.13f1/Unity.app/Contents/MonoBleedingEdge/lib/mono/unityjit-macos'
Mono config path = '/Users/louisecollins/Repos/Unity2D/Unity Install Folder/2021.2.13f1/Unity.app/Contents/MonoBleedingEdge/etc'
Using monoOptions --debugger-agent=transport=dt_socket,embedding=1,server=y,suspend=n,address=127.0.0.1:56505
Begin MonoManager ReloadAssembly
Registering precompiled unity dll's ...
Register platform support module: /Users/louisecollins/Repos/Unity2D/Unity Install Folder/2021.2.13f1/PlaybackEngines/WebGLSupport/UnityEditor.WebGL.Extensions.dll
Register platform support module: /Users/louisecollins/Repos/Unity2D/Unity Install Folder/2021.2.13f1/Unity.app/Contents/PlaybackEngines/MacStandaloneSupport/UnityEditor.OSXStandalone.Extensions.dll
Registered in 0.039318 seconds.
Native extension for OSXStandalone target not found
Native extension for WebGL target not found
Refreshing native plugins compatible for Editor in 82.88 ms, found 2 plugins.
Preloading 0 native plugins for Editor in 0.00 ms.
Mono: successfully reloaded assembly
- Completed reload, in  1.323 seconds
Domain Reload Profiling:
	ReloadAssembly (1323ms)
		BeginReloadAssembly (602ms)
			ExecutionOrderSort (0ms)
			DisableScriptedObjects (0ms)
			BackupInstance (0ms)
			ReleaseScriptingObjects (0ms)
			CreateAndSetChildDomain (1ms)
		EndReloadAssembly (556ms)
			LoadAssemblies (614ms)
			RebuildTransferFunctionScriptingTraits (0ms)
			SetupTypeCache (126ms)
			ReleaseScriptCaches (0ms)
			RebuildScriptCaches (37ms)
			SetupLoadedEditorAssemblies (327ms)
				LogAssemblyErrors (0ms)
				InitializePlatformSupportModulesInManaged (8ms)
				SetLoadedEditorAssemblies (0ms)
				RefreshPlugins (83ms)
				BeforeProcessingInitializeOnLoad (2ms)
				ProcessInitializeOnLoadAttributes (182ms)
				ProcessInitializeOnLoadMethodAttributes (52ms)
				AfterProcessingInitializeOnLoad (0ms)
				EditorAssembliesLoaded (0ms)
			ExecutionOrderSort2 (0ms)
			AwakeInstancesAfterBackupRestoration (0ms)
Platform modules already initialized, skipping
Registering precompiled user dll's ...
Registered in 0.001576 seconds.
Begin MonoManager ReloadAssembly
Symbol file LoadedFromMemory doesn't match image /Users/louisecollins/Repos/Unity2D/Project-Setup-Tutorial/Laser Defender/Library/PackageCache/com.unity.visualscripting@1.7.6/Editor/VisualScripting.Core/Dependencies/YamlDotNet/Unity.VisualScripting.YamlDotNet.dll
Symbol file LoadedFromMemory doesn't match image /Users/louisecollins/Repos/Unity2D/Project-Setup-Tutorial/Laser Defender/Library/PackageCache/com.unity.visualscripting@1.7.6/Editor/VisualScripting.Core/Dependencies/DotNetZip/Unity.VisualScripting.IonicZip.dll
Native extension for OSXStandalone target not found
Native extension for WebGL target not found
Refreshing native plugins compatible for Editor in 86.01 ms, found 2 plugins.
Preloading 0 native plugins for Editor in 0.00 ms.
Mono: successfully reloaded assembly
- Completed reload, in  2.244 seconds
Domain Reload Profiling:
	ReloadAssembly (2245ms)
		BeginReloadAssembly (109ms)
			ExecutionOrderSort (0ms)
			DisableScriptedObjects (7ms)
			BackupInstance (0ms)
			ReleaseScriptingObjects (0ms)
			CreateAndSetChildDomain (25ms)
		EndReloadAssembly (1976ms)
			LoadAssemblies (870ms)
			RebuildTransferFunctionScriptingTraits (0ms)
			SetupTypeCache (332ms)
			ReleaseScriptCaches (1ms)
			RebuildScriptCaches (70ms)
			SetupLoadedEditorAssemblies (627ms)
				LogAssemblyErrors (0ms)
				InitializePlatformSupportModulesInManaged (4ms)
				SetLoadedEditorAssemblies (0ms)
				RefreshPlugins (86ms)
				BeforeProcessingInitializeOnLoad (87ms)
				ProcessInitializeOnLoadAttributes (355ms)
				ProcessInitializeOnLoadMethodAttributes (93ms)
				AfterProcessingInitializeOnLoad (1ms)
				EditorAssembliesLoaded (0ms)
			ExecutionOrderSort2 (0ms)
			AwakeInstancesAfterBackupRestoration (4ms)
Platform modules already initialized, skipping
========================================================================
Worker process is ready to serve import requests
Launching external process: /Users/louisecollins/Repos/Unity2D/Unity Install Folder/2021.2.13f1/Unity.app/Contents/Tools/UnityShaderCompiler
Launched and connected shader compiler UnityShaderCompiler after 0.07 seconds
Refreshing native plugins compatible for Editor in 0.54 ms, found 2 plugins.
Preloading 0 native plugins for Editor in 0.00 ms.
Unloading 3591 Unused Serialized files (Serialized files now loaded: 0)
Unloading 26 unused Assets / (95.6 KB). Loaded Objects now: 4051.
Memory consumption went from 238.6 MB to 238.5 MB.
Total: 3.262776 ms (FindLiveObjects: 0.259733 ms CreateObjectMapping: 0.154560 ms MarkObjects: 2.716440 ms  DeleteObjects: 0.131225 ms)

AssetImportParameters requested are different than current active one (requested -> active):
  custom:video-decoder-ogg-theora: a1e56fd34408186e4bbccfd4996cb3dc -> 
  custom:container-muxer-webm: aa71ff27fc2769a1b78a27578f13a17b -> 
  custom:container-demuxer-webm: 4f35f7cbe854078d1ac9338744f61a02 -> 
  custom:video-encoder-webm-vp8: eb34c28f22e8b96e1ab97ce403110664 -> 
  custom:framework-osx-AVFoundation: e770b220cccbd017edd2c1fefb359320 -> 
  custom:audio-encoder-webm-vorbis: bf7c407c2cedff20999df2af8eb42d56 -> 
  custom:container-demuxer-ogg: 62fdf1f143b41e24485cea50d1cbac27 -> 
  custom:video-decoder-webm-vp8: 9c59270c3fd7afecdb556c50c9e8de78 -> 
  custom:audio-decoder-ogg-vorbis: bf7c407c2cedff20999df2af8eb42d56 -> 
========================================================================
Received Import Request.
  Time since last request: 5239.346911 seconds.
  path: Assets/Asset Packs
  artifactKey: Guid(d8ba8c63338e24f508cd8d359b9023bb) Importer(815301076,1909f56bfc062723c751e8b465ee728b)
Start importing Assets/Asset Packs using Guid(d8ba8c63338e24f508cd8d359b9023bb) Importer(815301076,1909f56bfc062723c751e8b465ee728b)  -> (artifact id: 'd17a338ecd6302a5ecc41b0f0eb102ea') in 0.006989 seconds 
========================================================================
Received Import Request.
  Time since last request: 38.808510 seconds.
  path: Assets/Asset Packs/spaceshooter
  artifactKey: Guid(6e2641fff6cca4142adc042ea60ada53) Importer(815301076,1909f56bfc062723c751e8b465ee728b)
Start importing Assets/Asset Packs/spaceshooter using Guid(6e2641fff6cca4142adc042ea60ada53) Importer(815301076,1909f56bfc062723c751e8b465ee728b)  -> (artifact id: 'f894b6496d80e23c2d621b977a2c6004') in 0.000943 seconds 
========================================================================
Received Import Request.
  Time since last request: 0.153981 seconds.
  path: Assets/Asset Packs/spaceshooter/preview.png
  artifactKey: Guid(e4c74eb5f2e364bba9e3a676fe32d33c) Importer(815301076,1909f56bfc062723c751e8b465ee728b)
Start importing Assets/Asset Packs/spaceshooter/preview.png using Guid(e4c74eb5f2e364bba9e3a676fe32d33c) Importer(815301076,1909f56bfc062723c751e8b465ee728b)  -> (artifact id: 'f28cf65528148acf39b43127f970fd96') in 1.274410 seconds 
========================================================================
Received Import Request.
  Time since last request: 0.000072 seconds.
  path: Assets/Asset Packs/spaceshooter/sample.png
  artifactKey: Guid(29f5bb25a448d44f6a59fe4b7f7a61ac) Importer(815301076,1909f56bfc062723c751e8b465ee728b)
Start importing Assets/Asset Packs/spaceshooter/sample.png using Guid(29f5bb25a448d44f6a59fe4b7f7a61ac) Importer(815301076,1909f56bfc062723c751e8b465ee728b)  -> (artifact id: 'cd43d5df7b9662c493a7a09479f10e61') in 0.018675 seconds 
========================================================================
Received Import Request.
  Time since last request: 1.413259 seconds.
  path: Assets/Asset Packs/spaceshooter/Spritesheet
  artifactKey: Guid(1e9ff2b80e09e4e5294d6bd7393b99c7) Importer(815301076,1909f56bfc062723c751e8b465ee728b)
Start importing Assets/Asset Packs/spaceshooter/Spritesheet using Guid(1e9ff2b80e09e4e5294d6bd7393b99c7) Importer(815301076,1909f56bfc062723c751e8b465ee728b)  -> (artifact id: 'e55d4467119ecd16fd04caedb8e97d60') in 0.004478 seconds 
========================================================================
Received Import Request.
  Time since last request: 0.093295 seconds.
  path: Assets/Asset Packs/spaceshooter/Spritesheet/sheet.png
  artifactKey: Guid(112aceeba241b49de94028d101cfd816) Importer(815301076,1909f56bfc062723c751e8b465ee728b)
Start importing Assets/Asset Packs/spaceshooter/Spritesheet/sheet.png using Guid(112aceeba241b49de94028d101cfd816) Importer(815301076,1909f56bfc062723c751e8b465ee728b)  -> (artifact id: '0b73496d88c727a1193cc2bd87869357') in 0.012266 seconds 
========================================================================
Received Import Request.
  Time since last request: 15.987817 seconds.
  path: Assets/Asset Packs/spaceshooter/PNG/playerShip1_blue.png
  artifactKey: Guid(0a80c870e32834da8ba98368b2ae856f) Importer(815301076,1909f56bfc062723c751e8b465ee728b)
Start importing Assets/Asset Packs/spaceshooter/PNG/playerShip1_blue.png using Guid(0a80c870e32834da8ba98368b2ae856f) Importer(815301076,1909f56bfc062723c751e8b465ee728b)  -> (artifact id: '600fd2189ba21a7ddda7842a6e3119bc') in 0.023846 seconds 
========================================================================
Received Import Request.
  Time since last request: 0.000077 seconds.
  path: Assets/Asset Packs/spaceshooter/PNG/playerShip2_orange.png
  artifactKey: Guid(0657bd8c98d66474f9b4ffcb7cf54823) Importer(815301076,1909f56bfc062723c751e8b465ee728b)
Start importing Assets/Asset Packs/spaceshooter/PNG/playerShip2_orange.png using Guid(0657bd8c98d66474f9b4ffcb7cf54823) Importer(815301076,1909f56bfc062723c751e8b465ee728b)  -> (artifact id: '31e7fe40655cb4f1efbc9d1b6f907b27') in 0.008057 seconds 
========================================================================
Received Import Request.
  Time since last request: 0.000064 seconds.
  path: Assets/Asset Packs/spaceshooter/PNG/playerShip3_green.png
  artifactKey: Guid(6efbff9579578401293c998126662f6c) Importer(815301076,1909f56bfc062723c751e8b465ee728b)
Start importing Assets/Asset Packs/spaceshooter/PNG/playerShip3_green.png using Guid(6efbff9579578401293c998126662f6c) Importer(815301076,1909f56bfc062723c751e8b465ee728b)  -> (artifact id: '72c733725738e2edbaa24f296106e5e1') in 0.006989 seconds 
========================================================================
Received Import Request.
  Time since last request: 0.000083 seconds.
  path: Assets/Asset Packs/spaceshooter/PNG/playerShip3_red.png
  artifactKey: Guid(e29f373be5750487ba8b0fa27a45f685) Importer(815301076,1909f56bfc062723c751e8b465ee728b)
Start importing Assets/Asset Packs/spaceshooter/PNG/playerShip3_red.png using Guid(e29f373be5750487ba8b0fa27a45f685) Importer(815301076,1909f56bfc062723c751e8b465ee728b)  -> (artifact id: 'ff8151c16abc684442ee02bbd71e624c') in 0.007374 seconds 
========================================================================
Received Import Request.
  Time since last request: 0.000063 seconds.
  path: Assets/Asset Packs/spaceshooter/PNG/playerShip3_blue.png
  artifactKey: Guid(65b843d15c6454054a3b3c86291d7322) Importer(815301076,1909f56bfc062723c751e8b465ee728b)
Start importing Assets/Asset Packs/spaceshooter/PNG/playerShip3_blue.png using Guid(65b843d15c6454054a3b3c86291d7322) Importer(815301076,1909f56bfc062723c751e8b465ee728b)  -> (artifact id: '79b4deda8679e5ec977011ee6d20c363') in 0.007508 seconds 
========================================================================
Received Import Request.
  Time since last request: 0.000125 seconds.
  path: Assets/Asset Packs/spaceshooter/PNG/ufoBlue.png
  artifactKey: Guid(091f5476e29be4b168a068626ab418a9) Importer(815301076,1909f56bfc062723c751e8b465ee728b)
Start importing Assets/Asset Packs/spaceshooter/PNG/ufoBlue.png using Guid(091f5476e29be4b168a068626ab418a9) Importer(815301076,1909f56bfc062723c751e8b465ee728b)  -> (artifact id: 'a1d6a0eef65b4741afb368e2ea99695c') in 0.009057 seconds 
========================================================================
Received Import Request.
  Time since last request: 0.000082 seconds.
  path: Assets/Asset Packs/spaceshooter/PNG/ufoRed.png
  artifactKey: Guid(c693c96e60da94bab8326ab838a8a4ee) Importer(815301076,1909f56bfc062723c751e8b465ee728b)
Start importing Assets/Asset Packs/spaceshooter/PNG/ufoRed.png using Guid(c693c96e60da94bab8326ab838a8a4ee) Importer(815301076,1909f56bfc062723c751e8b465ee728b)  -> (artifact id: '45f5a6a3efa4efe53eb069edd235ffad') in 0.006780 seconds 
========================================================================
Received Import Request.
  Time since last request: 0.000108 seconds.
  path: Assets/Asset Packs/spaceshooter/PNG/ufoGreen.png
  artifactKey: Guid(dcd2bfcaf7a174fafb40e75be106e284) Importer(815301076,1909f56bfc062723c751e8b465ee728b)
Start importing Assets/Asset Packs/spaceshooter/PNG/ufoGreen.png using Guid(dcd2bfcaf7a174fafb40e75be106e284) Importer(815301076,1909f56bfc062723c751e8b465ee728b)  -> (artifact id: 'd5a9286d6d0317de9060e1737fceecd8') in 0.006665 seconds 
========================================================================
Received Import Request.
  Time since last request: 0.000073 seconds.
  path: Assets/Asset Packs/spaceshooter/PNG/playerShip3_orange.png
  artifactKey: Guid(a4701236008af4c8d948fbc058800e2b) Importer(815301076,1909f56bfc062723c751e8b465ee728b)
Start importing Assets/Asset Packs/spaceshooter/PNG/playerShip3_orange.png using Guid(a4701236008af4c8d948fbc058800e2b) Importer(815301076,1909f56bfc062723c751e8b465ee728b)  -> (artifact id: 'f9ed17e5c9c19fc10f9416fe0baa894c') in 0.008100 seconds 
========================================================================
Received Import Request.
  Time since last request: 0.000064 seconds.
  path: Assets/Asset Packs/spaceshooter/PNG/playerShip2_red.png
  artifactKey: Guid(7bc9b07e17ca54e5a8963a60ae66333b) Importer(815301076,1909f56bfc062723c751e8b465ee728b)
Start importing Assets/Asset Packs/spaceshooter/PNG/playerShip2_red.png using Guid(7bc9b07e17ca54e5a8963a60ae66333b) Importer(815301076,1909f56bfc062723c751e8b465ee728b)  -> (artifact id: '2a2af93bd06da9f99649bd3794ffd1cc') in 0.006499 seconds 
========================================================================
Received Import Request.
  Time since last request: 0.000072 seconds.
  path: Assets/Asset Packs/spaceshooter/PNG/playerShip2_blue.png
  artifactKey: Guid(25fafdeff47ab4c358ddf445e9ec3f64) Importer(815301076,1909f56bfc062723c751e8b465ee728b)
Start importing Assets/Asset Packs/spaceshooter/PNG/playerShip2_blue.png using Guid(25fafdeff47ab4c358ddf445e9ec3f64) Importer(815301076,1909f56bfc062723c751e8b465ee728b)  -> (artifact id: '3a8bb7479b1406aa61d66b6258e71ba3') in 0.007321 seconds 
========================================================================
Received Import Request.
  Time since last request: 0.000087 seconds.
  path: Assets/Asset Packs/spaceshooter/PNG/playerShip2_green.png
  artifactKey: Guid(3dde012737c834791be87c0311f2f4c2) Importer(815301076,1909f56bfc062723c751e8b465ee728b)
Start importing Assets/Asset Packs/spaceshooter/PNG/playerShip2_green.png using Guid(3dde012737c834791be87c0311f2f4c2) Importer(815301076,1909f56bfc062723c751e8b465ee728b)  -> (artifact id: '9b4cbd116e033c22471733e2c04cb043') in 0.007649 seconds 
========================================================================
Received Import Request.
  Time since last request: 0.000078 seconds.
  path: Assets/Asset Packs/spaceshooter/PNG/ufoYellow.png
  artifactKey: Guid(f5b83cbe9a32643e3bdc8bc9f96200f2) Importer(815301076,1909f56bfc062723c751e8b465ee728b)
Start importing Assets/Asset Packs/spaceshooter/PNG/ufoYellow.png using Guid(f5b83cbe9a32643e3bdc8bc9f96200f2) Importer(815301076,1909f56bfc062723c751e8b465ee728b)  -> (artifact id: '68d096895bfcd39ae7852eaea63bbe08') in 0.006955 seconds 
========================================================================
Received Import Request.
  Time since last request: 0.000089 seconds.
  path: Assets/Asset Packs/spaceshooter/PNG/playerShip1_red.png
  artifactKey: Guid(d18aa74c66dac4876a9cd3e3aedc74cf) Importer(815301076,1909f56bfc062723c751e8b465ee728b)
Start importing Assets/Asset Packs/spaceshooter/PNG/playerShip1_red.png using Guid(d18aa74c66dac4876a9cd3e3aedc74cf) Importer(815301076,1909f56bfc062723c751e8b465ee728b)  -> (artifact id: 'b36afdd150c172e79df2e6abfef08a76') in 0.008053 seconds 
========================================================================
Received Import Request.
  Time since last request: 0.000138 seconds.
  path: Assets/Asset Packs/spaceshooter/PNG/playerShip1_orange.png
  artifactKey: Guid(f9218c379e3fc4553b19d15883d06648) Importer(815301076,1909f56bfc062723c751e8b465ee728b)
Start importing Assets/Asset Packs/spaceshooter/PNG/playerShip1_orange.png using Guid(f9218c379e3fc4553b19d15883d06648) Importer(815301076,1909f56bfc062723c751e8b465ee728b)  -> (artifact id: '8fe46cf4ad649d946e527be1cff3513c') in 0.007151 seconds 
========================================================================
Received Import Request.
  Time since last request: 0.000082 seconds.
  path: Assets/Asset Packs/spaceshooter/PNG/playerShip1_green.png
  artifactKey: Guid(c969db77f58d34db780f57f8951d3239) Importer(815301076,1909f56bfc062723c751e8b465ee728b)
Start importing Assets/Asset Packs/spaceshooter/PNG/playerShip1_green.png using Guid(c969db77f58d34db780f57f8951d3239) Importer(815301076,1909f56bfc062723c751e8b465ee728b)  -> (artifact id: 'f9440e0602b358620081d9342ec6157c') in 0.009704 seconds 
========================================================================
Received Import Request.
  Time since last request: 4.744586 seconds.
  path: Assets/Asset Packs/spaceshooter/Bonus/kenvector_future.ttf
  artifactKey: Guid(53908edf6e0fb4770b66229cd373e599) Importer(815301076,1909f56bfc062723c751e8b465ee728b)
Start importing Assets/Asset Packs/spaceshooter/Bonus/kenvector_future.ttf using Guid(53908edf6e0fb4770b66229cd373e599) Importer(815301076,1909f56bfc062723c751e8b465ee728b)  -> (artifact id: 'dd41e7eaf2f990f6d204e4560e65521b') in 2.015334 seconds 
========================================================================
Received Import Request.
  Time since last request: 0.000079 seconds.
  path: Assets/Asset Packs/spaceshooter/Backgrounds/darkPurple.png
  artifactKey: Guid(583beaffeb9b949878a762db4896f139) Importer(815301076,1909f56bfc062723c751e8b465ee728b)
Start importing Assets/Asset Packs/spaceshooter/Backgrounds/darkPurple.png using Guid(583beaffeb9b949878a762db4896f139) Importer(815301076,1909f56bfc062723c751e8b465ee728b)  -> (artifact id: '27a303edb762cfdbb0cdd0a4b87d928a') in 0.020133 seconds 
========================================================================
Received Import Request.
  Time since last request: 0.000073 seconds.
  path: Assets/Asset Packs/spaceshooter/Backgrounds/black.png
  artifactKey: Guid(254708bda3b424f4a8210f9a2d45cda8) Importer(815301076,1909f56bfc062723c751e8b465ee728b)
Start importing Assets/Asset Packs/spaceshooter/Backgrounds/black.png using Guid(254708bda3b424f4a8210f9a2d45cda8) Importer(815301076,1909f56bfc062723c751e8b465ee728b)  -> (artifact id: '1b9b9be9fecd7ebca9c33b74fe1bb934') in 0.008496 seconds 
========================================================================
Received Import Request.
  Time since last request: 0.000117 seconds.
  path: Assets/Asset Packs/spaceshooter/Bonus/sfx_shieldDown.ogg
  artifactKey: Guid(81c3c2936713d45ba8c3eb51dcdea48b) Importer(815301076,1909f56bfc062723c751e8b465ee728b)
Start importing Assets/Asset Packs/spaceshooter/Bonus/sfx_shieldDown.ogg using Guid(81c3c2936713d45ba8c3eb51dcdea48b) Importer(815301076,1909f56bfc062723c751e8b465ee728b)  -> (artifact id: '1744d38b94eb5d51a36935acda2bf6f1') in 0.413604 seconds 
========================================================================
Received Import Request.
  Time since last request: 0.000084 seconds.
  path: Assets/Asset Packs/spaceshooter/Bonus/sfx_zap.ogg
  artifactKey: Guid(0b73647f769db4db18822bc6b5eb33e0) Importer(815301076,1909f56bfc062723c751e8b465ee728b)
Start importing Assets/Asset Packs/spaceshooter/Bonus/sfx_zap.ogg using Guid(0b73647f769db4db18822bc6b5eb33e0) Importer(815301076,1909f56bfc062723c751e8b465ee728b)  -> (artifact id: '672361b8a19b76e9c2bd3b449717c9a8') in 0.008398 seconds 
========================================================================
Received Import Request.
  Time since last request: 0.000054 seconds.
  path: Assets/Asset Packs/spaceshooter/Backgrounds/purple.png
  artifactKey: Guid(f6e146720dfa64030ade6e599c0d3b47) Importer(815301076,1909f56bfc062723c751e8b465ee728b)
Start importing Assets/Asset Packs/spaceshooter/Backgrounds/purple.png using Guid(f6e146720dfa64030ade6e599c0d3b47) Importer(815301076,1909f56bfc062723c751e8b465ee728b)  -> (artifact id: '0f403d6be00667b7318353ca260956ec') in 0.010081 seconds 
========================================================================
Received Import Request.
  Time since last request: 0.000087 seconds.
  path: Assets/Asset Packs/spaceshooter/Bonus/sfx_shieldUp.ogg
  artifactKey: Guid(2207176eeefa0486eabcaae392dbc3d7) Importer(815301076,1909f56bfc062723c751e8b465ee728b)
Start importing Assets/Asset Packs/spaceshooter/Bonus/sfx_shieldUp.ogg using Guid(2207176eeefa0486eabcaae392dbc3d7) Importer(815301076,1909f56bfc062723c751e8b465ee728b)  -> (artifact id: '02ea3f4d3b8e58017108fdbfcb2e2381') in 0.008336 seconds 
========================================================================
Received Import Request.
  Time since last request: 0.000060 seconds.
  path: Assets/Asset Packs/spaceshooter/Backgrounds/blue.png
  artifactKey: Guid(8fa60b04f821941d19e0e8b1e1283116) Importer(815301076,1909f56bfc062723c751e8b465ee728b)
Start importing Assets/Asset Packs/spaceshooter/Backgrounds/blue.png using Guid(8fa60b04f821941d19e0e8b1e1283116) Importer(815301076,1909f56bfc062723c751e8b465ee728b)  -> (artifact id: '0e7bbbc45dd7ad202562a5313a47ccf8') in 0.007150 seconds 
========================================================================
Received Import Request.
  Time since last request: 0.000052 seconds.
  path: Assets/Asset Packs/spaceshooter/Bonus/sfx_twoTone.ogg
  artifactKey: Guid(0aa3b5b812dbd45fd88e70f43800a215) Importer(815301076,1909f56bfc062723c751e8b465ee728b)
Start importing Assets/Asset Packs/spaceshooter/Bonus/sfx_twoTone.ogg using Guid(0aa3b5b812dbd45fd88e70f43800a215) Importer(815301076,1909f56bfc062723c751e8b465ee728b)  -> (artifact id: 'd2fd2ae1041c343b9235dfb9725a5fcb') in 0.006754 seconds 
========================================================================
Received Import Request.
  Time since last request: 0.000074 seconds.
  path: Assets/Asset Packs/spaceshooter/Bonus/kenvector_future_thin.ttf
  artifactKey: Guid(d010f4dde74784e998326f5aaee6f8e0) Importer(815301076,1909f56bfc062723c751e8b465ee728b)
Start importing Assets/Asset Packs/spaceshooter/Bonus/kenvector_future_thin.ttf using Guid(d010f4dde74784e998326f5aaee6f8e0) Importer(815301076,1909f56bfc062723c751e8b465ee728b)  -> (artifact id: '5d8ec500150725199602f1127b519591') in 0.010957 seconds 
========================================================================
Received Import Request.
  Time since last request: 0.000049 seconds.
  path: Assets/Asset Packs/spaceshooter/Bonus/sfx_laser1.ogg
  artifactKey: Guid(8f2ba0a88c53d455b9e3baa57bac2966) Importer(815301076,1909f56bfc062723c751e8b465ee728b)
Start importing Assets/Asset Packs/spaceshooter/Bonus/sfx_laser1.ogg using Guid(8f2ba0a88c53d455b9e3baa57bac2966) Importer(815301076,1909f56bfc062723c751e8b465ee728b)  -> (artifact id: 'fbfc374be8229ee3a16e350dbfa06c63') in 0.009634 seconds 
========================================================================
Received Import Request.
  Time since last request: 0.000051 seconds.
  path: Assets/Asset Packs/spaceshooter/Bonus/sfx_laser2.ogg
  artifactKey: Guid(ecd0c284e9adb417f80dda9e867df11b) Importer(815301076,1909f56bfc062723c751e8b465ee728b)
Start importing Assets/Asset Packs/spaceshooter/Bonus/sfx_laser2.ogg using Guid(ecd0c284e9adb417f80dda9e867df11b) Importer(815301076,1909f56bfc062723c751e8b465ee728b)  -> (artifact id: 'cb5cd874451c356d14a1ef16e2a5fe96') in 0.007814 seconds 
========================================================================
Received Import Request.
  Time since last request: 0.000068 seconds.
  path: Assets/Asset Packs/spaceshooter/Bonus/sfx_lose.ogg
  artifactKey: Guid(85010b4e6aae9467897d9872fc29da5d) Importer(815301076,1909f56bfc062723c751e8b465ee728b)
Start importing Assets/Asset Packs/spaceshooter/Bonus/sfx_lose.ogg using Guid(85010b4e6aae9467897d9872fc29da5d) Importer(815301076,1909f56bfc062723c751e8b465ee728b)  -> (artifact id: 'ed928c2800134e3b7863b523a727e240') in 0.006891 seconds 
========================================================================
Received Import Request.
  Time since last request: 185.302329 seconds.
  path: Assets/Asset Packs/spaceshooter/PNG/playerShip2_blue.png
  artifactKey: Guid(25fafdeff47ab4c358ddf445e9ec3f64) Importer(815301076,1909f56bfc062723c751e8b465ee728b)
Start importing Assets/Asset Packs/spaceshooter/PNG/playerShip2_blue.png using Guid(25fafdeff47ab4c358ddf445e9ec3f64) Importer(815301076,1909f56bfc062723c751e8b465ee728b)  -> (artifact id: '97faec40daa097869b64c5cfa0103572') in 0.068337 seconds 
========================================================================
Received Import Request.
  Time since last request: 18.506627 seconds.
  path: Assets/Asset Packs/spaceshooter/PNG/playerShip2_green.png
  artifactKey: Guid(3dde012737c834791be87c0311f2f4c2) Importer(815301076,1909f56bfc062723c751e8b465ee728b)
Start importing Assets/Asset Packs/spaceshooter/PNG/playerShip2_green.png using Guid(3dde012737c834791be87c0311f2f4c2) Importer(815301076,1909f56bfc062723c751e8b465ee728b)  -> (artifact id: '4077d8d0ec55bd8713442e317538dee7') in 0.012505 seconds 
========================================================================
Received Import Request.
  Time since last request: 0.016947 seconds.
  path: Assets/Asset Packs/spaceshooter/PNG/playerShip1_blue.png
  artifactKey: Guid(0a80c870e32834da8ba98368b2ae856f) Importer(815301076,1909f56bfc062723c751e8b465ee728b)
Start importing Assets/Asset Packs/spaceshooter/PNG/playerShip1_blue.png using Guid(0a80c870e32834da8ba98368b2ae856f) Importer(815301076,1909f56bfc062723c751e8b465ee728b)  -> (artifact id: '2dbd147f123c8f2f162c0902b6f80a25') in 0.025992 seconds 
========================================================================
Received Import Request.
  Time since last request: 0.000073 seconds.
  path: Assets/Asset Packs/spaceshooter/PNG/playerShip2_orange.png
  artifactKey: Guid(0657bd8c98d66474f9b4ffcb7cf54823) Importer(815301076,1909f56bfc062723c751e8b465ee728b)
Start importing Assets/Asset Packs/spaceshooter/PNG/playerShip2_orange.png using Guid(0657bd8c98d66474f9b4ffcb7cf54823) Importer(815301076,1909f56bfc062723c751e8b465ee728b)  -> (artifact id: '8f4a48588da2663cd897c1761139616b') in 0.014788 seconds 
========================================================================
Received Import Request.
  Time since last request: 0.000089 seconds.
  path: Assets/Asset Packs/spaceshooter/PNG/playerShip3_green.png
  artifactKey: Guid(6efbff9579578401293c998126662f6c) Importer(815301076,1909f56bfc062723c751e8b465ee728b)
Start importing Assets/Asset Packs/spaceshooter/PNG/playerShip3_green.png using Guid(6efbff9579578401293c998126662f6c) Importer(815301076,1909f56bfc062723c751e8b465ee728b)  -> (artifact id: 'd8df0e2fd12c1291f73d933aa5c8ac87') in 0.013833 seconds 
========================================================================
Received Import Request.
  Time since last request: 0.000095 seconds.
  path: Assets/Asset Packs/spaceshooter/PNG/playerShip3_red.png
  artifactKey: Guid(e29f373be5750487ba8b0fa27a45f685) Importer(815301076,1909f56bfc062723c751e8b465ee728b)
Start importing Assets/Asset Packs/spaceshooter/PNG/playerShip3_red.png using Guid(e29f373be5750487ba8b0fa27a45f685) Importer(815301076,1909f56bfc062723c751e8b465ee728b)  -> (artifact id: '9d3287ba1b85b69186dbfd5832be777b') in 0.010547 seconds 
========================================================================
Received Import Request.
  Time since last request: 0.000085 seconds.
  path: Assets/Asset Packs/spaceshooter/PNG/playerShip3_blue.png
  artifactKey: Guid(65b843d15c6454054a3b3c86291d7322) Importer(815301076,1909f56bfc062723c751e8b465ee728b)
Start importing Assets/Asset Packs/spaceshooter/PNG/playerShip3_blue.png using Guid(65b843d15c6454054a3b3c86291d7322) Importer(815301076,1909f56bfc062723c751e8b465ee728b)  -> (artifact id: '1e189e04df08762b43876c6ec060a907') in 0.012072 seconds 
========================================================================
Received Import Request.
  Time since last request: 0.000085 seconds.
  path: Assets/Asset Packs/spaceshooter/PNG/playerShip3_orange.png
  artifactKey: Guid(a4701236008af4c8d948fbc058800e2b) Importer(815301076,1909f56bfc062723c751e8b465ee728b)
Start importing Assets/Asset Packs/spaceshooter/PNG/playerShip3_orange.png using Guid(a4701236008af4c8d948fbc058800e2b) Importer(815301076,1909f56bfc062723c751e8b465ee728b)  -> (artifact id: '34f96919258476af9519ec95f8299029') in 0.010309 seconds 
========================================================================
Received Import Request.
  Time since last request: 0.000045 seconds.
  path: Assets/Asset Packs/spaceshooter/PNG/playerShip2_red.png
  artifactKey: Guid(7bc9b07e17ca54e5a8963a60ae66333b) Importer(815301076,1909f56bfc062723c751e8b465ee728b)
Start importing Assets/Asset Packs/spaceshooter/PNG/playerShip2_red.png using Guid(7bc9b07e17ca54e5a8963a60ae66333b) Importer(815301076,1909f56bfc062723c751e8b465ee728b)  -> (artifact id: '39dbdf570f971a434893970e804aa412') in 0.014581 seconds 
========================================================================
Received Import Request.
  Time since last request: 0.000076 seconds.
  path: Assets/Asset Packs/spaceshooter/PNG/playerShip1_red.png
  artifactKey: Guid(d18aa74c66dac4876a9cd3e3aedc74cf) Importer(815301076,1909f56bfc062723c751e8b465ee728b)
Start importing Assets/Asset Packs/spaceshooter/PNG/playerShip1_red.png using Guid(d18aa74c66dac4876a9cd3e3aedc74cf) Importer(815301076,1909f56bfc062723c751e8b465ee728b)  -> (artifact id: '318b6bc39359fd1619c17acd8017272e') in 0.010531 seconds 
========================================================================
Received Import Request.
  Time since last request: 0.000094 seconds.
  path: Assets/Asset Packs/spaceshooter/PNG/playerShip1_orange.png
  artifactKey: Guid(f9218c379e3fc4553b19d15883d06648) Importer(815301076,1909f56bfc062723c751e8b465ee728b)
Start importing Assets/Asset Packs/spaceshooter/PNG/playerShip1_orange.png using Guid(f9218c379e3fc4553b19d15883d06648) Importer(815301076,1909f56bfc062723c751e8b465ee728b)  -> (artifact id: '027d3bcde94a3aeeb4c9aed83422a7d1') in 0.011655 seconds 
========================================================================
Received Import Request.
  Time since last request: 0.000069 seconds.
  path: Assets/Asset Packs/spaceshooter/PNG/playerShip1_green.png
  artifactKey: Guid(c969db77f58d34db780f57f8951d3239) Importer(815301076,1909f56bfc062723c751e8b465ee728b)
Start importing Assets/Asset Packs/spaceshooter/PNG/playerShip1_green.png using Guid(c969db77f58d34db780f57f8951d3239) Importer(815301076,1909f56bfc062723c751e8b465ee728b)  -> (artifact id: '204fe341052df1a59f044f67b1431d76') in 0.010185 seconds 
========================================================================
Received Import Request.
  Time since last request: 30.583658 seconds.
  path: Assets/Asset Packs/spaceshooter/PNG/playerShip1_blue.png
  artifactKey: Guid(0a80c870e32834da8ba98368b2ae856f) Importer(815301076,1909f56bfc062723c751e8b465ee728b)
Start importing Assets/Asset Packs/spaceshooter/PNG/playerShip1_blue.png using Guid(0a80c870e32834da8ba98368b2ae856f) Importer(815301076,1909f56bfc062723c751e8b465ee728b)  -> (artifact id: '8b2be9417c0600f674b5e892509b6612') in 0.007240 seconds 
========================================================================
Received Import Request.
  Time since last request: 171.501314 seconds.
  path: Assets/Prefabs
  artifactKey: Guid(22ec68f5b2cdd4379ab4b83ad24c72ee) Importer(815301076,1909f56bfc062723c751e8b465ee728b)
Start importing Assets/Prefabs using Guid(22ec68f5b2cdd4379ab4b83ad24c72ee) Importer(815301076,1909f56bfc062723c751e8b465ee728b)  -> (artifact id: 'b38ad03f521d2d17e16990635dbc4c55') in 0.001127 seconds 
========================================================================
Received Import Request.
  Time since last request: 20.499122 seconds.
  path: Assets/Prefabs/playerShip2_blue.prefab
  artifactKey: Guid(b60e45e23a7f64f5aa063e7ecd3a023a) Importer(815301076,1909f56bfc062723c751e8b465ee728b)
Start importing Assets/Prefabs/playerShip2_blue.prefab using Guid(b60e45e23a7f64f5aa063e7ecd3a023a) Importer(815301076,1909f56bfc062723c751e8b465ee728b)  -> (artifact id: 'ff88c2b70fbd68ca26493d58e6e3413b') in 1.029531 seconds 
========================================================================
Received Import Request.
  Time since last request: 144.178769 seconds.
  path: Assets/Asset Packs/spaceshooter/PNG/Enemies
  artifactKey: Guid(2129784e73af44bc7bf6aee0ce876d21) Importer(815301076,1909f56bfc062723c751e8b465ee728b)
Start importing Assets/Asset Packs/spaceshooter/PNG/Enemies using Guid(2129784e73af44bc7bf6aee0ce876d21) Importer(815301076,1909f56bfc062723c751e8b465ee728b)  -> (artifact id: '4eb09a4769576e406efc671669c36b2e') in 0.004624 seconds 
========================================================================
Received Import Request.
  Time since last request: 0.112773 seconds.
  path: Assets/Asset Packs/spaceshooter/PNG/Enemies/enemyBlack1.png
  artifactKey: Guid(dbcaf4051ffa3419c9a3e65a5671024c) Importer(815301076,1909f56bfc062723c751e8b465ee728b)
Start importing Assets/Asset Packs/spaceshooter/PNG/Enemies/enemyBlack1.png using Guid(dbcaf4051ffa3419c9a3e65a5671024c) Importer(815301076,1909f56bfc062723c751e8b465ee728b)  -> (artifact id: '96f6551636e9df711ceed1621162fb87') in 0.010701 seconds 
========================================================================
Received Import Request.
  Time since last request: 0.000062 seconds.
  path: Assets/Asset Packs/spaceshooter/PNG/Enemies/enemyRed5.png
  artifactKey: Guid(065c994a731ed4f9ba5f68e7f2cc3d89) Importer(815301076,1909f56bfc062723c751e8b465ee728b)
Start importing Assets/Asset Packs/spaceshooter/PNG/Enemies/enemyRed5.png using Guid(065c994a731ed4f9ba5f68e7f2cc3d89) Importer(815301076,1909f56bfc062723c751e8b465ee728b)  -> (artifact id: '802166595cb5536aee4ac3fdd1fba925') in 0.007016 seconds 
========================================================================
Received Import Request.
  Time since last request: 0.000063 seconds.
  path: Assets/Asset Packs/spaceshooter/PNG/Enemies/enemyBlue5.png
  artifactKey: Guid(e8b96175b17434852ae2a15a76ca4f4b) Importer(815301076,1909f56bfc062723c751e8b465ee728b)
Start importing Assets/Asset Packs/spaceshooter/PNG/Enemies/enemyBlue5.png using Guid(e8b96175b17434852ae2a15a76ca4f4b) Importer(815301076,1909f56bfc062723c751e8b465ee728b)  -> (artifact id: '44982b7e6c24788a7694468458054acd') in 0.006643 seconds 
========================================================================
Received Import Request.
  Time since last request: 0.000078 seconds.
  path: Assets/Asset Packs/spaceshooter/PNG/Enemies/enemyBlue4.png
  artifactKey: Guid(8fbb4c8f10b9f43bdb727dce2c4ffcf9) Importer(815301076,1909f56bfc062723c751e8b465ee728b)
Start importing Assets/Asset Packs/spaceshooter/PNG/Enemies/enemyBlue4.png using Guid(8fbb4c8f10b9f43bdb727dce2c4ffcf9) Importer(815301076,1909f56bfc062723c751e8b465ee728b)  -> (artifact id: 'fea18e11c7ebad7564916cb46cedd0f4') in 0.010639 seconds 
========================================================================
Received Import Request.
  Time since last request: 0.000103 seconds.
  path: Assets/Asset Packs/spaceshooter/PNG/Enemies/enemyGreen2.png
  artifactKey: Guid(2be2d83d4db71458bbd1af85f328572e) Importer(815301076,1909f56bfc062723c751e8b465ee728b)
Start importing Assets/Asset Packs/spaceshooter/PNG/Enemies/enemyGreen2.png using Guid(2be2d83d4db71458bbd1af85f328572e) Importer(815301076,1909f56bfc062723c751e8b465ee728b)  -> (artifact id: '736b5230e577d52035e45c2fa372f826') in 0.007647 seconds 
========================================================================
Received Import Request.
  Time since last request: 0.000058 seconds.
  path: Assets/Asset Packs/spaceshooter/PNG/Enemies/enemyBlue2.png
  artifactKey: Guid(651f5c748bace4f3d8e5a1ca42b11865) Importer(815301076,1909f56bfc062723c751e8b465ee728b)
Start importing Assets/Asset Packs/spaceshooter/PNG/Enemies/enemyBlue2.png using Guid(651f5c748bace4f3d8e5a1ca42b11865) Importer(815301076,1909f56bfc062723c751e8b465ee728b)  -> (artifact id: 'e4cb562a840cb1d1d693f1e0c9c600f3') in 0.007105 seconds 
========================================================================
Received Import Request.
  Time since last request: 0.000052 seconds.
  path: Assets/Asset Packs/spaceshooter/PNG/Enemies/enemyBlack2.png
  artifactKey: Guid(178e0d752bba245a0bc28f840007b14f) Importer(815301076,1909f56bfc062723c751e8b465ee728b)
Start importing Assets/Asset Packs/spaceshooter/PNG/Enemies/enemyBlack2.png using Guid(178e0d752bba245a0bc28f840007b14f) Importer(815301076,1909f56bfc062723c751e8b465ee728b)  -> (artifact id: '7719b30275beccceed7908fbdc7c9a76') in 0.007153 seconds 
========================================================================
Received Import Request.
  Time since last request: 0.000081 seconds.
  path: Assets/Asset Packs/spaceshooter/PNG/Enemies/enemyBlue1.png
  artifactKey: Guid(8d2a7163fd31249b5899c411644975a4) Importer(815301076,1909f56bfc062723c751e8b465ee728b)
Start importing Assets/Asset Packs/spaceshooter/PNG/Enemies/enemyBlue1.png using Guid(8d2a7163fd31249b5899c411644975a4) Importer(815301076,1909f56bfc062723c751e8b465ee728b)  -> (artifact id: '83363902c096bd96e38c72a3f378ed79') in 0.007542 seconds 
========================================================================
Received Import Request.
  Time since last request: 0.000059 seconds.
  path: Assets/Asset Packs/spaceshooter/PNG/Enemies/enemyGreen1.png
  artifactKey: Guid(70e9bb93924b445f39db0d366d6a1768) Importer(815301076,1909f56bfc062723c751e8b465ee728b)
Start importing Assets/Asset Packs/spaceshooter/PNG/Enemies/enemyGreen1.png using Guid(70e9bb93924b445f39db0d366d6a1768) Importer(815301076,1909f56bfc062723c751e8b465ee728b)  -> (artifact id: 'dce97881d0a88e3bbb0177c946eff8d1') in 0.007848 seconds 
========================================================================
Received Import Request.
  Time since last request: 0.000090 seconds.
  path: Assets/Asset Packs/spaceshooter/PNG/Enemies/enemyRed4.png
  artifactKey: Guid(06d7c5f9daf604d56be0c0298ca496a4) Importer(815301076,1909f56bfc062723c751e8b465ee728b)
Start importing Assets/Asset Packs/spaceshooter/PNG/Enemies/enemyRed4.png using Guid(06d7c5f9daf604d56be0c0298ca496a4) Importer(815301076,1909f56bfc062723c751e8b465ee728b)  -> (artifact id: 'a1f52c8a7c6dbea62670f020abb404bd') in 0.006748 seconds 
========================================================================
Received Import Request.
  Time since last request: 0.000046 seconds.
  path: Assets/Asset Packs/spaceshooter/PNG/Enemies/enemyGreen3.png
  artifactKey: Guid(d7c65381e8bcb4abb940746dfed1700f) Importer(815301076,1909f56bfc062723c751e8b465ee728b)
Start importing Assets/Asset Packs/spaceshooter/PNG/Enemies/enemyGreen3.png using Guid(d7c65381e8bcb4abb940746dfed1700f) Importer(815301076,1909f56bfc062723c751e8b465ee728b)  -> (artifact id: '86dba7b166a9a043f8304d3abe90b1f6') in 0.006722 seconds 
========================================================================
Received Import Request.
  Time since last request: 0.000079 seconds.
  path: Assets/Asset Packs/spaceshooter/PNG/Enemies/enemyBlack3.png
  artifactKey: Guid(131f5168960794f4b8ac2a2fde3dd4b3) Importer(815301076,1909f56bfc062723c751e8b465ee728b)
Start importing Assets/Asset Packs/spaceshooter/PNG/Enemies/enemyBlack3.png using Guid(131f5168960794f4b8ac2a2fde3dd4b3) Importer(815301076,1909f56bfc062723c751e8b465ee728b)  -> (artifact id: '1ab21708dbdbcbcae182b8d11164682f') in 0.012184 seconds 
========================================================================
Received Import Request.
  Time since last request: 0.000059 seconds.
  path: Assets/Asset Packs/spaceshooter/PNG/Enemies/enemyRed1.png
  artifactKey: Guid(bfff378938c2b4052b0af9952ba8b5b4) Importer(815301076,1909f56bfc062723c751e8b465ee728b)
Start importing Assets/Asset Packs/spaceshooter/PNG/Enemies/enemyRed1.png using Guid(bfff378938c2b4052b0af9952ba8b5b4) Importer(815301076,1909f56bfc062723c751e8b465ee728b)  -> (artifact id: '8c3ba595dd8f6033c3914c11f79919cc') in 0.007430 seconds 
========================================================================
Received Import Request.
  Time since last request: 0.000053 seconds.
  path: Assets/Asset Packs/spaceshooter/PNG/Enemies/enemyGreen5.png
  artifactKey: Guid(85a56a328d39f4b2b99133bc5fab40ba) Importer(815301076,1909f56bfc062723c751e8b465ee728b)
Start importing Assets/Asset Packs/spaceshooter/PNG/Enemies/enemyGreen5.png using Guid(85a56a328d39f4b2b99133bc5fab40ba) Importer(815301076,1909f56bfc062723c751e8b465ee728b)  -> (artifact id: 'b18ec037338788d9c297e342d163f87c') in 0.006918 seconds 
========================================================================
Received Import Request.
  Time since last request: 0.000050 seconds.
  path: Assets/Asset Packs/spaceshooter/PNG/Enemies/enemyBlack4.png
  artifactKey: Guid(91b06bd074ef846458645f4a83d502f9) Importer(815301076,1909f56bfc062723c751e8b465ee728b)
Start importing Assets/Asset Packs/spaceshooter/PNG/Enemies/enemyBlack4.png using Guid(91b06bd074ef846458645f4a83d502f9) Importer(815301076,1909f56bfc062723c751e8b465ee728b)  -> (artifact id: '281df9f581eede02f734439d6ced58b9') in 0.007398 seconds 
========================================================================
Received Import Request.
  Time since last request: 0.000060 seconds.
  path: Assets/Asset Packs/spaceshooter/PNG/Enemies/enemyBlack5.png
  artifactKey: Guid(5bf1c1286aef94eb4ad7856cf3a004b8) Importer(815301076,1909f56bfc062723c751e8b465ee728b)
Start importing Assets/Asset Packs/spaceshooter/PNG/Enemies/enemyBlack5.png using Guid(5bf1c1286aef94eb4ad7856cf3a004b8) Importer(815301076,1909f56bfc062723c751e8b465ee728b)  -> (artifact id: 'ecf8b318856d3ba04cb3e36148244405') in 0.008251 seconds 
========================================================================
Received Import Request.
  Time since last request: 0.000063 seconds.
  path: Assets/Asset Packs/spaceshooter/PNG/Enemies/enemyGreen4.png
  artifactKey: Guid(435b2cbe9f17a4d838365733d99b8d3d) Importer(815301076,1909f56bfc062723c751e8b465ee728b)
Start importing Assets/Asset Packs/spaceshooter/PNG/Enemies/enemyGreen4.png using Guid(435b2cbe9f17a4d838365733d99b8d3d) Importer(815301076,1909f56bfc062723c751e8b465ee728b)  -> (artifact id: 'bf74b949921ab7eebcc012ffaa56f14e') in 0.006761 seconds 
========================================================================
Received Import Request.
  Time since last request: 0.000117 seconds.
  path: Assets/Asset Packs/spaceshooter/PNG/Enemies/enemyRed2.png
  artifactKey: Guid(fd25ce82d44d44a718f848d00bee1509) Importer(815301076,1909f56bfc062723c751e8b465ee728b)
Start importing Assets/Asset Packs/spaceshooter/PNG/Enemies/enemyRed2.png using Guid(fd25ce82d44d44a718f848d00bee1509) Importer(815301076,1909f56bfc062723c751e8b465ee728b)  -> (artifact id: '6277b8f161ed581ebfacec305f11f13f') in 0.006806 seconds 
========================================================================
Received Import Request.
  Time since last request: 0.000068 seconds.
  path: Assets/Asset Packs/spaceshooter/PNG/Enemies/enemyRed3.png
  artifactKey: Guid(8f4f2538a5c3d4848b9d70196ef77bad) Importer(815301076,1909f56bfc062723c751e8b465ee728b)
Start importing Assets/Asset Packs/spaceshooter/PNG/Enemies/enemyRed3.png using Guid(8f4f2538a5c3d4848b9d70196ef77bad) Importer(815301076,1909f56bfc062723c751e8b465ee728b)  -> (artifact id: 'a6a6e2aceaa472a9e96523e7580a000b') in 0.007309 seconds 
========================================================================
Received Import Request.
  Time since last request: 0.000048 seconds.
  path: Assets/Asset Packs/spaceshooter/PNG/Enemies/enemyBlue3.png
  artifactKey: Guid(84ae79429140242ba88ef8ac1201c201) Importer(815301076,1909f56bfc062723c751e8b465ee728b)
Start importing Assets/Asset Packs/spaceshooter/PNG/Enemies/enemyBlue3.png using Guid(84ae79429140242ba88ef8ac1201c201) Importer(815301076,1909f56bfc062723c751e8b465ee728b)  -> (artifact id: 'a5a8ce4b9edba5097149b468688eaea4') in 0.008986 seconds 
========================================================================
Received Import Request.
  Time since last request: 145.300457 seconds.
  path: Assets/Asset Packs/spaceshooter/PNG/Enemies/enemyBlack3.png
  artifactKey: Guid(131f5168960794f4b8ac2a2fde3dd4b3) Importer(815301076,1909f56bfc062723c751e8b465ee728b)
Start importing Assets/Asset Packs/spaceshooter/PNG/Enemies/enemyBlack3.png using Guid(131f5168960794f4b8ac2a2fde3dd4b3) Importer(815301076,1909f56bfc062723c751e8b465ee728b)  -> (artifact id: '1cb4779a208f2afa31e3019da04cb197') in 0.011951 seconds 
========================================================================
Received Import Request.
  Time since last request: 0.017412 seconds.
  path: Assets/Asset Packs/spaceshooter/PNG/Enemies/enemyBlack1.png
  artifactKey: Guid(dbcaf4051ffa3419c9a3e65a5671024c) Importer(815301076,1909f56bfc062723c751e8b465ee728b)
Start importing Assets/Asset Packs/spaceshooter/PNG/Enemies/enemyBlack1.png using Guid(dbcaf4051ffa3419c9a3e65a5671024c) Importer(815301076,1909f56bfc062723c751e8b465ee728b)  -> (artifact id: '6cc74dc8c27a8d9ea7db7da6c4fbc5a9') in 0.025462 seconds 
========================================================================
Received Import Request.
  Time since last request: 0.000086 seconds.
  path: Assets/Asset Packs/spaceshooter/PNG/Enemies/enemyRed5.png
  artifactKey: Guid(065c994a731ed4f9ba5f68e7f2cc3d89) Importer(815301076,1909f56bfc062723c751e8b465ee728b)
Start importing Assets/Asset Packs/spaceshooter/PNG/Enemies/enemyRed5.png using Guid(065c994a731ed4f9ba5f68e7f2cc3d89) Importer(815301076,1909f56bfc062723c751e8b465ee728b)  -> (artifact id: '4f42a362c135e1a42fe4e1bce709f89d') in 0.013479 seconds 
========================================================================
Received Import Request.
  Time since last request: 0.000061 seconds.
  path: Assets/Asset Packs/spaceshooter/PNG/Enemies/enemyBlue5.png
  artifactKey: Guid(e8b96175b17434852ae2a15a76ca4f4b) Importer(815301076,1909f56bfc062723c751e8b465ee728b)
Start importing Assets/Asset Packs/spaceshooter/PNG/Enemies/enemyBlue5.png using Guid(e8b96175b17434852ae2a15a76ca4f4b) Importer(815301076,1909f56bfc062723c751e8b465ee728b)  -> (artifact id: '4c55942a595156842c224a3b02d52c00') in 0.010714 seconds 
========================================================================
Received Import Request.
  Time since last request: 0.000058 seconds.
  path: Assets/Asset Packs/spaceshooter/PNG/Enemies/enemyBlue4.png
  artifactKey: Guid(8fbb4c8f10b9f43bdb727dce2c4ffcf9) Importer(815301076,1909f56bfc062723c751e8b465ee728b)
Start importing Assets/Asset Packs/spaceshooter/PNG/Enemies/enemyBlue4.png using Guid(8fbb4c8f10b9f43bdb727dce2c4ffcf9) Importer(815301076,1909f56bfc062723c751e8b465ee728b)  -> (artifact id: 'e4aaf6ddb6119062c22007a4634d102d') in 0.010657 seconds 
========================================================================
Received Import Request.
  Time since last request: 0.000074 seconds.
  path: Assets/Asset Packs/spaceshooter/PNG/Enemies/enemyGreen2.png
  artifactKey: Guid(2be2d83d4db71458bbd1af85f328572e) Importer(815301076,1909f56bfc062723c751e8b465ee728b)
Start importing Assets/Asset Packs/spaceshooter/PNG/Enemies/enemyGreen2.png using Guid(2be2d83d4db71458bbd1af85f328572e) Importer(815301076,1909f56bfc062723c751e8b465ee728b)  -> (artifact id: 'c4e060739e5012e3627b91f4437171d1') in 0.012394 seconds 
========================================================================
Received Import Request.
  Time since last request: 0.000057 seconds.
  path: Assets/Asset Packs/spaceshooter/PNG/Enemies/enemyBlue2.png
  artifactKey: Guid(651f5c748bace4f3d8e5a1ca42b11865) Importer(815301076,1909f56bfc062723c751e8b465ee728b)
Start importing Assets/Asset Packs/spaceshooter/PNG/Enemies/enemyBlue2.png using Guid(651f5c748bace4f3d8e5a1ca42b11865) Importer(815301076,1909f56bfc062723c751e8b465ee728b)  -> (artifact id: '4bfb7f5720fb491d25690d0b8b27304e') in 0.010489 seconds 
========================================================================
Received Import Request.
  Time since last request: 0.000074 seconds.
  path: Assets/Asset Packs/spaceshooter/PNG/Enemies/enemyBlack2.png
  artifactKey: Guid(178e0d752bba245a0bc28f840007b14f) Importer(815301076,1909f56bfc062723c751e8b465ee728b)
Start importing Assets/Asset Packs/spaceshooter/PNG/Enemies/enemyBlack2.png using Guid(178e0d752bba245a0bc28f840007b14f) Importer(815301076,1909f56bfc062723c751e8b465ee728b)  -> (artifact id: '40864b373b869c4f8da8ee2c8d4c3ac6') in 0.014074 seconds 
========================================================================
Received Import Request.
  Time since last request: 0.000063 seconds.
  path: Assets/Asset Packs/spaceshooter/PNG/Enemies/enemyBlue1.png
  artifactKey: Guid(8d2a7163fd31249b5899c411644975a4) Importer(815301076,1909f56bfc062723c751e8b465ee728b)
Start importing Assets/Asset Packs/spaceshooter/PNG/Enemies/enemyBlue1.png using Guid(8d2a7163fd31249b5899c411644975a4) Importer(815301076,1909f56bfc062723c751e8b465ee728b)  -> (artifact id: '3ab53d0a711940ed939094e5f814a460') in 0.011049 seconds 
========================================================================
Received Import Request.
  Time since last request: 0.000075 seconds.
  path: Assets/Asset Packs/spaceshooter/PNG/Enemies/enemyGreen1.png
  artifactKey: Guid(70e9bb93924b445f39db0d366d6a1768) Importer(815301076,1909f56bfc062723c751e8b465ee728b)
Start importing Assets/Asset Packs/spaceshooter/PNG/Enemies/enemyGreen1.png using Guid(70e9bb93924b445f39db0d366d6a1768) Importer(815301076,1909f56bfc062723c751e8b465ee728b)  -> (artifact id: 'd31e48e886d27b6ea72be981ee0452d7') in 0.010227 seconds 
========================================================================
Received Import Request.
  Time since last request: 0.000102 seconds.
  path: Assets/Asset Packs/spaceshooter/PNG/Enemies/enemyRed4.png
  artifactKey: Guid(06d7c5f9daf604d56be0c0298ca496a4) Importer(815301076,1909f56bfc062723c751e8b465ee728b)
Start importing Assets/Asset Packs/spaceshooter/PNG/Enemies/enemyRed4.png using Guid(06d7c5f9daf604d56be0c0298ca496a4) Importer(815301076,1909f56bfc062723c751e8b465ee728b)  -> (artifact id: '9c976d5844f24c6e0cb3adb31409208f') in 0.012589 seconds 
========================================================================
Received Import Request.
  Time since last request: 0.000059 seconds.
  path: Assets/Asset Packs/spaceshooter/PNG/Enemies/enemyGreen3.png
  artifactKey: Guid(d7c65381e8bcb4abb940746dfed1700f) Importer(815301076,1909f56bfc062723c751e8b465ee728b)
Start importing Assets/Asset Packs/spaceshooter/PNG/Enemies/enemyGreen3.png using Guid(d7c65381e8bcb4abb940746dfed1700f) Importer(815301076,1909f56bfc062723c751e8b465ee728b)  -> (artifact id: '093f8991bf3e8af6180065dacccb85c5') in 0.009825 seconds 
========================================================================
Received Import Request.
  Time since last request: 0.000066 seconds.
  path: Assets/Asset Packs/spaceshooter/PNG/Enemies/enemyRed1.png
  artifactKey: Guid(bfff378938c2b4052b0af9952ba8b5b4) Importer(815301076,1909f56bfc062723c751e8b465ee728b)
Start importing Assets/Asset Packs/spaceshooter/PNG/Enemies/enemyRed1.png using Guid(bfff378938c2b4052b0af9952ba8b5b4) Importer(815301076,1909f56bfc062723c751e8b465ee728b)  -> (artifact id: '3f207d49b9769f9ed9dc8119a244fe56') in 0.010832 seconds 
========================================================================
Received Import Request.
  Time since last request: 0.000077 seconds.
  path: Assets/Asset Packs/spaceshooter/PNG/Enemies/enemyGreen5.png
  artifactKey: Guid(85a56a328d39f4b2b99133bc5fab40ba) Importer(815301076,1909f56bfc062723c751e8b465ee728b)
Start importing Assets/Asset Packs/spaceshooter/PNG/Enemies/enemyGreen5.png using Guid(85a56a328d39f4b2b99133bc5fab40ba) Importer(815301076,1909f56bfc062723c751e8b465ee728b)  -> (artifact id: '6282785588e990dea3c683f3f5c7fe77') in 0.010589 seconds 
========================================================================
Received Import Request.
  Time since last request: 0.000128 seconds.
  path: Assets/Asset Packs/spaceshooter/PNG/Enemies/enemyBlack4.png
  artifactKey: Guid(91b06bd074ef846458645f4a83d502f9) Importer(815301076,1909f56bfc062723c751e8b465ee728b)
Start importing Assets/Asset Packs/spaceshooter/PNG/Enemies/enemyBlack4.png using Guid(91b06bd074ef846458645f4a83d502f9) Importer(815301076,1909f56bfc062723c751e8b465ee728b)  -> (artifact id: '7bc16d0944227178f562d3dd8d8e5065') in 0.010895 seconds 
========================================================================
Received Import Request.
  Time since last request: 0.000064 seconds.
  path: Assets/Asset Packs/spaceshooter/PNG/Enemies/enemyBlack5.png
  artifactKey: Guid(5bf1c1286aef94eb4ad7856cf3a004b8) Importer(815301076,1909f56bfc062723c751e8b465ee728b)
Start importing Assets/Asset Packs/spaceshooter/PNG/Enemies/enemyBlack5.png using Guid(5bf1c1286aef94eb4ad7856cf3a004b8) Importer(815301076,1909f56bfc062723c751e8b465ee728b)  -> (artifact id: 'e833396c0a79ee27e3c6b9d77bfcd246') in 0.010945 seconds 
========================================================================
Received Import Request.
  Time since last request: 0.000111 seconds.
  path: Assets/Asset Packs/spaceshooter/PNG/Enemies/enemyGreen4.png
  artifactKey: Guid(435b2cbe9f17a4d838365733d99b8d3d) Importer(815301076,1909f56bfc062723c751e8b465ee728b)
Start importing Assets/Asset Packs/spaceshooter/PNG/Enemies/enemyGreen4.png using Guid(435b2cbe9f17a4d838365733d99b8d3d) Importer(815301076,1909f56bfc062723c751e8b465ee728b)  -> (artifact id: 'e9c4c774cfb0c71ac56d4157568da38e') in 0.013524 seconds 
========================================================================
Received Import Request.
  Time since last request: 0.000056 seconds.
  path: Assets/Asset Packs/spaceshooter/PNG/Enemies/enemyRed2.png
  artifactKey: Guid(fd25ce82d44d44a718f848d00bee1509) Importer(815301076,1909f56bfc062723c751e8b465ee728b)
Start importing Assets/Asset Packs/spaceshooter/PNG/Enemies/enemyRed2.png using Guid(fd25ce82d44d44a718f848d00bee1509) Importer(815301076,1909f56bfc062723c751e8b465ee728b)  -> (artifact id: 'e7e6db85e26e7030c03f9d49b913ae0b') in 0.012076 seconds 
========================================================================
Received Import Request.
  Time since last request: 0.000078 seconds.
  path: Assets/Asset Packs/spaceshooter/PNG/Enemies/enemyRed3.png
  artifactKey: Guid(8f4f2538a5c3d4848b9d70196ef77bad) Importer(815301076,1909f56bfc062723c751e8b465ee728b)
Start importing Assets/Asset Packs/spaceshooter/PNG/Enemies/enemyRed3.png using Guid(8f4f2538a5c3d4848b9d70196ef77bad) Importer(815301076,1909f56bfc062723c751e8b465ee728b)  -> (artifact id: '7a3b344bd03b7f211223a63979005e75') in 0.011732 seconds 
========================================================================
Received Import Request.
  Time since last request: 0.000091 seconds.
  path: Assets/Asset Packs/spaceshooter/PNG/Enemies/enemyBlue3.png
  artifactKey: Guid(84ae79429140242ba88ef8ac1201c201) Importer(815301076,1909f56bfc062723c751e8b465ee728b)
Start importing Assets/Asset Packs/spaceshooter/PNG/Enemies/enemyBlue3.png using Guid(84ae79429140242ba88ef8ac1201c201) Importer(815301076,1909f56bfc062723c751e8b465ee728b)  -> (artifact id: '47520da5b1635dc8574c17e5f6681600') in 0.011931 seconds 
========================================================================
Received Import Request.
  Time since last request: 35.011957 seconds.
  path: Assets/Prefabs/enemyRed5.prefab
  artifactKey: Guid(42a9c70d838c248269311072458fdd42) Importer(815301076,1909f56bfc062723c751e8b465ee728b)
Start importing Assets/Prefabs/enemyRed5.prefab using Guid(42a9c70d838c248269311072458fdd42) Importer(815301076,1909f56bfc062723c751e8b465ee728b)  -> (artifact id: 'fc9d36ef0360082e21375337249b9af2') in 0.008494 seconds 
========================================================================
Received Import Request.
  Time since last request: 2658.073187 seconds.
  path: Assets/Asset Packs/02343505f309cce4e9235250a1f45dc1
  artifactKey: Guid(170f66a17847940a9a95b8ed56be9fe1) Importer(815301076,1909f56bfc062723c751e8b465ee728b)
Start importing Assets/Asset Packs/02343505f309cce4e9235250a1f45dc1 using Guid(170f66a17847940a9a95b8ed56be9fe1) Importer(815301076,1909f56bfc062723c751e8b465ee728b)  -> (artifact id: '82ef90b80ce695c43c0d193988690a73') in 0.002536 seconds 
========================================================================
Received Import Request.
  Time since last request: 0.013363 seconds.
  path: Assets/Asset Packs/02343505f309cce4e9235250a1f45dc1/preview.png
  artifactKey: Guid(98fcab88b9b5f49fbaf055963c4ba730) Importer(815301076,1909f56bfc062723c751e8b465ee728b)
Start importing Assets/Asset Packs/02343505f309cce4e9235250a1f45dc1/preview.png using Guid(98fcab88b9b5f49fbaf055963c4ba730) Importer(815301076,1909f56bfc062723c751e8b465ee728b)  -> (artifact id: '309eaac3709749a76793331461750a0e') in 0.034426 seconds 
========================================================================
Received Import Request.
  Time since last request: 137.042671 seconds.
  path: Assets/Asset Packs/spaceshooter/PNG/Damage/playerShip1_damage1.png
  artifactKey: Guid(46fd44780a4254466b3bfca6081eb4cc) Importer(815301076,1909f56bfc062723c751e8b465ee728b)
Start importing Assets/Asset Packs/spaceshooter/PNG/Damage/playerShip1_damage1.png using Guid(46fd44780a4254466b3bfca6081eb4cc) Importer(815301076,1909f56bfc062723c751e8b465ee728b)  -> (artifact id: 'bc3313230345c5674cde3a47fe88b596') in 0.013068 seconds 
========================================================================
Received Import Request.
  Time since last request: 0.000079 seconds.
  path: Assets/Asset Packs/spaceshooter/PNG/Damage/playerShip3_damage3.png
  artifactKey: Guid(b1081b69a06cc4b098f444623c2bd4d3) Importer(815301076,1909f56bfc062723c751e8b465ee728b)
Start importing Assets/Asset Packs/spaceshooter/PNG/Damage/playerShip3_damage3.png using Guid(b1081b69a06cc4b098f444623c2bd4d3) Importer(815301076,1909f56bfc062723c751e8b465ee728b)  -> (artifact id: '53778bc99b30363be9c91e36eb374ffd') in 0.007401 seconds 
========================================================================
Received Import Request.
  Time since last request: 0.000072 seconds.
  path: Assets/Asset Packs/spaceshooter/PNG/Damage/playerShip1_damage2.png
  artifactKey: Guid(aed3f8b32d27647218fd5b9297be0f9e) Importer(815301076,1909f56bfc062723c751e8b465ee728b)
Start importing Assets/Asset Packs/spaceshooter/PNG/Damage/playerShip1_damage2.png using Guid(aed3f8b32d27647218fd5b9297be0f9e) Importer(815301076,1909f56bfc062723c751e8b465ee728b)  -> (artifact id: '1ed4653a1dbffaba2139bf74d3c948bd') in 0.007434 seconds 
========================================================================
Received Import Request.
  Time since last request: 0.000079 seconds.
  path: Assets/Asset Packs/spaceshooter/PNG/Damage/playerShip2_damage3.png
  artifactKey: Guid(2c26ff5f261cc4efd89852834a8bd8eb) Importer(815301076,1909f56bfc062723c751e8b465ee728b)
Start importing Assets/Asset Packs/spaceshooter/PNG/Damage/playerShip2_damage3.png using Guid(2c26ff5f261cc4efd89852834a8bd8eb) Importer(815301076,1909f56bfc062723c751e8b465ee728b)  -> (artifact id: 'd2bb8b07bbbebdd50bfaf76f9088fa7c') in 0.008626 seconds 
========================================================================
Received Import Request.
  Time since last request: 0.000060 seconds.
  path: Assets/Asset Packs/spaceshooter/PNG/Damage/playerShip3_damage2.png
  artifactKey: Guid(7b1da9f6c1dcc4949b9b78e8a561fa25) Importer(815301076,1909f56bfc062723c751e8b465ee728b)
Start importing Assets/Asset Packs/spaceshooter/PNG/Damage/playerShip3_damage2.png using Guid(7b1da9f6c1dcc4949b9b78e8a561fa25) Importer(815301076,1909f56bfc062723c751e8b465ee728b)  -> (artifact id: '6bee3ba98bb5e1e22b73a7f57575d4f6') in 0.007033 seconds 
========================================================================
Received Import Request.
  Time since last request: 0.000077 seconds.
  path: Assets/Asset Packs/spaceshooter/PNG/Damage/playerShip1_damage3.png
  artifactKey: Guid(d4e6d196f1eac4018a0cf4998037288d) Importer(815301076,1909f56bfc062723c751e8b465ee728b)
Start importing Assets/Asset Packs/spaceshooter/PNG/Damage/playerShip1_damage3.png using Guid(d4e6d196f1eac4018a0cf4998037288d) Importer(815301076,1909f56bfc062723c751e8b465ee728b)  -> (artifact id: '55e8c5ea9d6798397283c164cb5fa637') in 0.009174 seconds 
========================================================================
Received Import Request.
  Time since last request: 0.000065 seconds.
  path: Assets/Asset Packs/spaceshooter/PNG/Damage/playerShip3_damage1.png
  artifactKey: Guid(f49fb9681d65b4b839368f79f0ef379f) Importer(815301076,1909f56bfc062723c751e8b465ee728b)
Start importing Assets/Asset Packs/spaceshooter/PNG/Damage/playerShip3_damage1.png using Guid(f49fb9681d65b4b839368f79f0ef379f) Importer(815301076,1909f56bfc062723c751e8b465ee728b)  -> (artifact id: '499aef7918f899eeefce9092081024ba') in 0.007171 seconds 
========================================================================
Received Import Request.
  Time since last request: 0.000131 seconds.
  path: Assets/Asset Packs/spaceshooter/PNG/Damage/playerShip2_damage2.png
  artifactKey: Guid(e60008736a13a466692dbe45f3a73fa1) Importer(815301076,1909f56bfc062723c751e8b465ee728b)
Start importing Assets/Asset Packs/spaceshooter/PNG/Damage/playerShip2_damage2.png using Guid(e60008736a13a466692dbe45f3a73fa1) Importer(815301076,1909f56bfc062723c751e8b465ee728b)  -> (artifact id: '2ac02f62ffaf9e8750faf9195d8660a6') in 0.006365 seconds 
========================================================================
Received Import Request.
  Time since last request: 0.000072 seconds.
  path: Assets/Asset Packs/spaceshooter/PNG/Damage/playerShip2_damage1.png
  artifactKey: Guid(839db3cad6b12476ead2a394a330d4f6) Importer(815301076,1909f56bfc062723c751e8b465ee728b)
Start importing Assets/Asset Packs/spaceshooter/PNG/Damage/playerShip2_damage1.png using Guid(839db3cad6b12476ead2a394a330d4f6) Importer(815301076,1909f56bfc062723c751e8b465ee728b)  -> (artifact id: '3e710cbe60bd1c1e5547e9caac8f944f') in 0.012019 seconds 
========================================================================
Received Import Request.
  Time since last request: 32.022443 seconds.
  path: Assets/Asset Packs/spaceshooter/02343505f309cce4e9235250a1f45dc1/pathname
  artifactKey: Guid(ebdba8a9e1d1b4d02862c170723bee99) Importer(815301076,1909f56bfc062723c751e8b465ee728b)
Start importing Assets/Asset Packs/spaceshooter/02343505f309cce4e9235250a1f45dc1/pathname using Guid(ebdba8a9e1d1b4d02862c170723bee99) Importer(815301076,1909f56bfc062723c751e8b465ee728b)  -> (artifact id: 'fd499492b6c59b7ecd110094202b2452') in 0.005466 seconds 
========================================================================
Received Import Request.
  Time since last request: 0.918829 seconds.
  path: Assets/Asset Packs/spaceshooter/02343505f309cce4e9235250a1f45dc1/asset
  artifactKey: Guid(02343505f309cce4e9235250a1f45dc1) Importer(815301076,1909f56bfc062723c751e8b465ee728b)
Start importing Assets/Asset Packs/spaceshooter/02343505f309cce4e9235250a1f45dc1/asset using Guid(02343505f309cce4e9235250a1f45dc1) Importer(815301076,1909f56bfc062723c751e8b465ee728b)  -> (artifact id: '2f20758c078f5e5d32d1ae328f72b0b7') in 0.004845 seconds 
========================================================================
Received Import Request.
  Time since last request: 102.539107 seconds.
  path: Assets/Asset Packs/02343505f309cce4e9235250a1f45dc1/preview.png
  artifactKey: Guid(98fcab88b9b5f49fbaf055963c4ba730) Importer(815301076,1909f56bfc062723c751e8b465ee728b)
Start importing Assets/Asset Packs/02343505f309cce4e9235250a1f45dc1/preview.png using Guid(98fcab88b9b5f49fbaf055963c4ba730) Importer(815301076,1909f56bfc062723c751e8b465ee728b)  -> (artifact id: 'cf811ea199efa90902a289dc3456dfe7') in 0.014223 seconds 
========================================================================
Received Import Request.
  Time since last request: 95.810627 seconds.
  path: Assets/Asset Packs/02343505f309cce4e9235250a1f45dc1/preview.png
  artifactKey: Guid(98fcab88b9b5f49fbaf055963c4ba730) Importer(815301076,1909f56bfc062723c751e8b465ee728b)
Start importing Assets/Asset Packs/02343505f309cce4e9235250a1f45dc1/preview.png using Guid(98fcab88b9b5f49fbaf055963c4ba730) Importer(815301076,1909f56bfc062723c751e8b465ee728b)  -> (artifact id: '865be179816ce98f029ff262afb2589c') in 0.007829 seconds 
========================================================================
Received Import Request.
  Time since last request: 818.795021 seconds.
  path: Assets/Asset Packs/02343505f309cce4e9235250a1f45dc1/preview.png
  artifactKey: Guid(98fcab88b9b5f49fbaf055963c4ba730) Importer(815301076,1909f56bfc062723c751e8b465ee728b)
Start importing Assets/Asset Packs/02343505f309cce4e9235250a1f45dc1/preview.png using Guid(98fcab88b9b5f49fbaf055963c4ba730) Importer(815301076,1909f56bfc062723c751e8b465ee728b)  -> (artifact id: '172a58277af1cdd0dac73ec26f5dba35') in 0.012771 seconds 
========================================================================
Received Import Request.
  Time since last request: 2368.770772 seconds.
  path: Assets/Asset Packs/02343505f309cce4e9235250a1f45dc1/preview.png
  artifactKey: Guid(98fcab88b9b5f49fbaf055963c4ba730) Importer(815301076,1909f56bfc062723c751e8b465ee728b)
Start importing Assets/Asset Packs/02343505f309cce4e9235250a1f45dc1/preview.png using Guid(98fcab88b9b5f49fbaf055963c4ba730) Importer(815301076,1909f56bfc062723c751e8b465ee728b)  -> (artifact id: '8c98137030c8804933116ec2b592ec16') in 0.011512 seconds 
========================================================================
Received Prepare
Registering precompiled user dll's ...
Registered in 0.001489 seconds.
Begin MonoManager ReloadAssembly
Symbol file LoadedFromMemory doesn't match image /Users/louisecollins/Repos/Unity2D/Project-Setup-Tutorial/Laser Defender/Library/PackageCache/com.unity.visualscripting@1.7.6/Editor/VisualScripting.Core/Dependencies/YamlDotNet/Unity.VisualScripting.YamlDotNet.dll
Symbol file LoadedFromMemory doesn't match image /Users/louisecollins/Repos/Unity2D/Project-Setup-Tutorial/Laser Defender/Library/PackageCache/com.unity.visualscripting@1.7.6/Editor/VisualScripting.Core/Dependencies/DotNetZip/Unity.VisualScripting.IonicZip.dll
Native extension for OSXStandalone target not found
Native extension for WebGL target not found
Refreshing native plugins compatible for Editor in 0.63 ms, found 2 plugins.
Preloading 0 native plugins for Editor in 0.00 ms.
Mono: successfully reloaded assembly
- Completed reload, in  1.999 seconds
Domain Reload Profiling:
	ReloadAssembly (2017ms)
		BeginReloadAssembly (486ms)
			ExecutionOrderSort (0ms)
			DisableScriptedObjects (8ms)
			BackupInstance (0ms)
			ReleaseScriptingObjects (0ms)
			CreateAndSetChildDomain (97ms)
		EndReloadAssembly (1425ms)
			LoadAssemblies (748ms)
			RebuildTransferFunctionScriptingTraits (0ms)
			SetupTypeCache (318ms)
			ReleaseScriptCaches (1ms)
			RebuildScriptCaches (51ms)
			SetupLoadedEditorAssemblies (495ms)
				LogAssemblyErrors (0ms)
				InitializePlatformSupportModulesInManaged (11ms)
				SetLoadedEditorAssemblies (1ms)
				RefreshPlugins (1ms)
				BeforeProcessingInitializeOnLoad (59ms)
				ProcessInitializeOnLoadAttributes (335ms)
				ProcessInitializeOnLoadMethodAttributes (88ms)
				AfterProcessingInitializeOnLoad (1ms)
				EditorAssembliesLoaded (0ms)
			ExecutionOrderSort2 (0ms)
			AwakeInstancesAfterBackupRestoration (10ms)
Platform modules already initialized, skipping
Refreshing native plugins compatible for Editor in 16.89 ms, found 2 plugins.
Preloading 0 native plugins for Editor in 0.00 ms.
Unloading 3596 Unused Serialized files (Serialized files now loaded: 0)
Unloading 17 unused Assets / (71.7 KB). Loaded Objects now: 4128.
Memory consumption went from 264.5 MB to 264.4 MB.
Total: 3.327787 ms (FindLiveObjects: 0.259002 ms CreateObjectMapping: 0.181808 ms MarkObjects: 2.809371 ms  DeleteObjects: 0.076485 ms)

AssetImportParameters requested are different than current active one (requested -> active):
  custom:video-decoder-ogg-theora: a1e56fd34408186e4bbccfd4996cb3dc -> 
  custom:container-muxer-webm: aa71ff27fc2769a1b78a27578f13a17b -> 
  custom:container-demuxer-webm: 4f35f7cbe854078d1ac9338744f61a02 -> 
  custom:video-encoder-webm-vp8: eb34c28f22e8b96e1ab97ce403110664 -> 
  custom:framework-osx-AVFoundation: e770b220cccbd017edd2c1fefb359320 -> 
  custom:audio-encoder-webm-vorbis: bf7c407c2cedff20999df2af8eb42d56 -> 
  custom:container-demuxer-ogg: 62fdf1f143b41e24485cea50d1cbac27 -> 
  custom:video-decoder-webm-vp8: 9c59270c3fd7afecdb556c50c9e8de78 -> 
  custom:audio-decoder-ogg-vorbis: bf7c407c2cedff20999df2af8eb42d56 -> 
========================================================================
Received Import Request.
  Time since last request: 369.429474 seconds.
  path: Assets/Asset Packs/starfield+background+sprite.zip
  artifactKey: Guid(22815d28cdd8d424bb181dcc2d2647e8) Importer(815301076,1909f56bfc062723c751e8b465ee728b)
Start importing Assets/Asset Packs/starfield+background+sprite.zip using Guid(22815d28cdd8d424bb181dcc2d2647e8) Importer(815301076,1909f56bfc062723c751e8b465ee728b)  -> (artifact id: '110d5a168bf22ac6950c0906d8c2f67e') in 0.104089 seconds 
========================================================================
Received Import Request.
  Time since last request: 311.580095 seconds.
  path: Assets/Asset Packs/spaceshooter/Backgrounds
  artifactKey: Guid(4175d3fba4ad14ba1bb988471311bb79) Importer(815301076,1909f56bfc062723c751e8b465ee728b)
Start importing Assets/Asset Packs/spaceshooter/Backgrounds using Guid(4175d3fba4ad14ba1bb988471311bb79) Importer(815301076,1909f56bfc062723c751e8b465ee728b)  -> (artifact id: '535fb4b3549e57537a3dc14f3f8625af') in 0.004769 seconds 
========================================================================
Received Import Request.
  Time since last request: 165.893068 seconds.
  path: Assets/Scenes
  artifactKey: Guid(6ea315d0fd7389c41b19996891e99ae3) Importer(815301076,1909f56bfc062723c751e8b465ee728b)
Start importing Assets/Scenes using Guid(6ea315d0fd7389c41b19996891e99ae3) Importer(815301076,1909f56bfc062723c751e8b465ee728b)  -> (artifact id: 'b8193726cff86800c54781cdc6d54904') in 0.004590 seconds 
